example/build/outputs/logs/manifest-merger-debug-report.txt
-- Merging decision tree log ---
manifest
ADDED from Fragment\example\AndroidManifest.xml:2:1-45:12
	package
		ADDED from Fragment\example\AndroidManifest.xml:3:5-31
	android:versionName
		ADDED from Fragment\example\AndroidManifest.xml:5:5-32
		INJECTED from Fragment\example\AndroidManifest.xml
		INJECTED from Fragment\example\AndroidManifest.xml
	android:versionCode
		ADDED from Fragment\example\AndroidManifest.xml:4:5-30
		INJECTED from Fragment\example\AndroidManifest.xml
		INJECTED from Fragment\example\AndroidManifest.xml
	xmlns:android
		ADDED from Fragment\example\AndroidManifest.xml:2:11-69
uses-sdk
ADDED from Fragment\example\AndroidManifest.xml:7:5-9:41
	android:targetSdkVersion
		ADDED from Fragment\example\AndroidManifest.xml:9:9-38
	android:minSdkVersion
		ADDED from Fragment\example\AndroidManifest.xml:8:9-34
uses-permission#android.permission.INTERNET
ADDED from Fragment\example\AndroidManifest.xml:11:5-67
	android:name
		ADDED from Fragment\example\AndroidManifest.xml:11:22-64
uses-permission#android.permission.READ_PHONE_STATE
ADDED from Fragment\example\AndroidManifest.xml:12:5-75
	android:name
		ADDED from Fragment\example\AndroidManifest.xml:12:22-72
uses-permission#android.permission.ACCESS_WIFI_STATE
ADDED from Fragment\example\AndroidManifest.xml:13:5-76
	android:name
		ADDED from Fragment\example\AndroidManifest.xml:13:22-73
uses-permission#android.permission.ACCESS_NETWORK_STATE
ADDED from Fragment\example\AndroidManifest.xml:14:5-79
	android:name
		ADDED from Fragment\example\AndroidManifest.xml:14:22-76
application
ADDED from Fragment\example\AndroidManifest.xml:15:5-43:19
	android:label
		ADDED from Fragment\example\AndroidManifest.xml:18:9-41
	android:allowBackup
		ADDED from Fragment\example\AndroidManifest.xml:16:9-35
	android:icon
		ADDED from Fragment\example\AndroidManifest.xml:17:9-45
activity#com.example.jsms.MainActivity
ADDED from Fragment\example\AndroidManifest.xml:20:9-30:20
	android:screenOrientation
		ADDED from Fragment\example\AndroidManifest.xml:23:13-49
	android:label
		ADDED from Fragment\example\AndroidManifest.xml:22:13-45
	android:name
		ADDED from Fragment\example\AndroidManifest.xml:21:13-57
intent-filter#android.intent.action.MAIN+android.intent.category.LAUNCHER
ADDED from Fragment\example\AndroidManifest.xml:25:13-29:29
action#android.intent.action.MAIN
ADDED from Fragment\example\AndroidManifest.xml:26:17-69
	android:name
		ADDED from Fragment\example\AndroidManifest.xml:26:25-66
category#android.intent.category.LAUNCHER
ADDED from Fragment\example\AndroidManifest.xml:28:17-77
	android:name
		ADDED from Fragment\example\AndroidManifest.xml:28:27-74
activity#com.example.jsms.MainSmsActivity
ADDED from Fragment\example\AndroidManifest.xml:31:9-35:20
	android:label
		ADDED from Fragment\example\AndroidManifest.xml:33:13-45
	android:name
		ADDED from Fragment\example\AndroidManifest.xml:32:13-60
activity#com.example.jsms.MainVoiceActivity
ADDED from Fragment\example\AndroidManifest.xml:36:9-40:20
	android:label
		ADDED from Fragment\example\AndroidManifest.xml:38:13-45
	android:name
		ADDED from Fragment\example\AndroidManifest.xml:37:13-62
meta-data#JPUSH_APPKEY
ADDED from Fragment\example\AndroidManifest.xml:41:9-91
	android:value
		ADDED from Fragment\example\AndroidManifest.xml:41:48-88
	android:name
		ADDED from Fragment\example\AndroidManifest.xml:41:20-47